<?xml version="1.0" encoding="UTF-8"?>
<testsuite xmlns:xsi="http://www.w3.org/2001/XMLSchema-instance" xsi:noNamespaceSchemaLocation="https://maven.apache.org/surefire/maven-surefire-plugin/xsd/surefire-test-report.xsd" name="com.java.koffy.AppTest" time="0.019" tests="1" errors="0" skipped="0" failures="0">
  <properties>
    <property name="java.specification.version" value="20"/>
    <property name="sun.jnu.encoding" value="UTF-8"/>
    <property name="java.class.path" value="/Users/nico/Documents/Github/koffy/target/test-classes:/Users/nico/Documents/Github/koffy/target/classes:/Users/nico/.m2/repository/junit/junit/4.11/junit-4.11.jar:/Users/nico/.m2/repository/org/hamcrest/hamcrest-core/1.3/hamcrest-core-1.3.jar:/Users/nico/.m2/repository/org/eclipse/jetty/jetty-server/7.2.0.v20101020/jetty-server-7.2.0.v20101020.jar:/Users/nico/.m2/repository/javax/servlet/servlet-api/2.5/servlet-api-2.5.jar:/Users/nico/.m2/repository/org/eclipse/jetty/jetty-continuation/7.2.0.v20101020/jetty-continuation-7.2.0.v20101020.jar:/Users/nico/.m2/repository/org/eclipse/jetty/jetty-http/7.2.0.v20101020/jetty-http-7.2.0.v20101020.jar:/Users/nico/.m2/repository/org/eclipse/jetty/jetty-io/7.2.0.v20101020/jetty-io-7.2.0.v20101020.jar:/Users/nico/.m2/repository/org/eclipse/jetty/jetty-util/7.2.0.v20101020/jetty-util-7.2.0.v20101020.jar:/Users/nico/.m2/repository/org/eclipse/jetty/jetty-servlet/11.0.15/jetty-servlet-11.0.15.jar:/Users/nico/.m2/repository/org/eclipse/jetty/jetty-security/11.0.15/jetty-security-11.0.15.jar:/Users/nico/.m2/repository/org/slf4j/slf4j-api/2.0.5/slf4j-api-2.0.5.jar:"/>
    <property name="java.vm.vendor" value="Homebrew"/>
    <property name="sun.arch.data.model" value="64"/>
    <property name="java.vendor.url" value="https://github.com/Homebrew/homebrew-core/issues"/>
    <property name="os.name" value="Mac OS X"/>
    <property name="java.vm.specification.version" value="20"/>
    <property name="sun.java.launcher" value="SUN_STANDARD"/>
    <property name="user.country" value="IE"/>
    <property name="sun.boot.library.path" value="/opt/homebrew/Cellar/openjdk/20.0.1/libexec/openjdk.jdk/Contents/Home/lib"/>
    <property name="sun.java.command" value="/Users/nico/Documents/Github/koffy/target/surefire/surefirebooter5491972171540991028.jar /Users/nico/Documents/Github/koffy/target/surefire 2023-05-14T15-28-54_968-jvmRun1 surefire6590094241639286332tmp surefire_0813163950872949957tmp"/>
    <property name="http.nonProxyHosts" value="local|*.local|169.254/16|*.169.254/16"/>
    <property name="jdk.debug" value="release"/>
    <property name="surefire.test.class.path" value="/Users/nico/Documents/Github/koffy/target/test-classes:/Users/nico/Documents/Github/koffy/target/classes:/Users/nico/.m2/repository/junit/junit/4.11/junit-4.11.jar:/Users/nico/.m2/repository/org/hamcrest/hamcrest-core/1.3/hamcrest-core-1.3.jar:/Users/nico/.m2/repository/org/eclipse/jetty/jetty-server/7.2.0.v20101020/jetty-server-7.2.0.v20101020.jar:/Users/nico/.m2/repository/javax/servlet/servlet-api/2.5/servlet-api-2.5.jar:/Users/nico/.m2/repository/org/eclipse/jetty/jetty-continuation/7.2.0.v20101020/jetty-continuation-7.2.0.v20101020.jar:/Users/nico/.m2/repository/org/eclipse/jetty/jetty-http/7.2.0.v20101020/jetty-http-7.2.0.v20101020.jar:/Users/nico/.m2/repository/org/eclipse/jetty/jetty-io/7.2.0.v20101020/jetty-io-7.2.0.v20101020.jar:/Users/nico/.m2/repository/org/eclipse/jetty/jetty-util/7.2.0.v20101020/jetty-util-7.2.0.v20101020.jar:/Users/nico/.m2/repository/org/eclipse/jetty/jetty-servlet/11.0.15/jetty-servlet-11.0.15.jar:/Users/nico/.m2/repository/org/eclipse/jetty/jetty-security/11.0.15/jetty-security-11.0.15.jar:/Users/nico/.m2/repository/org/slf4j/slf4j-api/2.0.5/slf4j-api-2.0.5.jar:"/>
    <property name="sun.cpu.endian" value="little"/>
    <property name="user.home" value="/Users/nico"/>
    <property name="user.language" value="es"/>
    <property name="java.specification.vendor" value="Oracle Corporation"/>
    <property name="java.version.date" value="2023-04-18"/>
    <property name="java.home" value="/opt/homebrew/Cellar/openjdk/20.0.1/libexec/openjdk.jdk/Contents/Home"/>
    <property name="file.separator" value="/"/>
    <property name="basedir" value="/Users/nico/Documents/Github/koffy"/>
    <property name="java.vm.compressedOopsMode" value="Zero based"/>
    <property name="line.separator" value="&#10;"/>
    <property name="java.vm.specification.vendor" value="Oracle Corporation"/>
    <property name="java.specification.name" value="Java Platform API Specification"/>
    <property name="apple.awt.application.name" value="ForkedBooter"/>
    <property name="surefire.real.class.path" value="/Users/nico/Documents/Github/koffy/target/surefire/surefirebooter5491972171540991028.jar"/>
    <property name="sun.management.compiler" value="HotSpot 64-Bit Tiered Compilers"/>
    <property name="ftp.nonProxyHosts" value="local|*.local|169.254/16|*.169.254/16"/>
    <property name="java.runtime.version" value="20.0.1"/>
    <property name="user.name" value="nico"/>
    <property name="stdout.encoding" value="UTF-8"/>
    <property name="path.separator" value=":"/>
    <property name="os.version" value="13.3.1"/>
    <property name="java.runtime.name" value="OpenJDK Runtime Environment"/>
    <property name="file.encoding" value="UTF-8"/>
    <property name="java.vm.name" value="OpenJDK 64-Bit Server VM"/>
    <property name="java.vendor.version" value="Homebrew"/>
    <property name="localRepository" value="/Users/nico/.m2/repository"/>
    <property name="java.vendor.url.bug" value="https://github.com/Homebrew/homebrew-core/issues"/>
    <property name="java.io.tmpdir" value="/var/folders/rv/62s_t9zs0t728kl0d2yf4jmh0000gp/T/"/>
    <property name="java.version" value="20.0.1"/>
    <property name="user.dir" value="/Users/nico/Documents/Github/koffy"/>
    <property name="os.arch" value="aarch64"/>
    <property name="java.vm.specification.name" value="Java Virtual Machine Specification"/>
    <property name="native.encoding" value="UTF-8"/>
    <property name="java.library.path" value="/Users/nico/Library/Java/Extensions:/Library/Java/Extensions:/Network/Library/Java/Extensions:/System/Library/Java/Extensions:/usr/lib/java:."/>
    <property name="java.vm.info" value="mixed mode, sharing"/>
    <property name="stderr.encoding" value="UTF-8"/>
    <property name="java.vendor" value="Homebrew"/>
    <property name="java.vm.version" value="20.0.1"/>
    <property name="sun.io.unicode.encoding" value="UnicodeBig"/>
    <property name="socksNonProxyHosts" value="local|*.local|169.254/16|*.169.254/16"/>
    <property name="java.class.version" value="64.0"/>
  </properties>
  <testcase name="shouldAnswerWithTrue" classname="com.java.koffy.AppTest" time="0.003"/>
</testsuite>